<?xml version="1.0" encoding="UTF-8"?>
<!-- Generated by org.testng.reporters.JUnitXMLReporter -->
<testsuite ignored="0" hostname="DESKTOP-MT0GH5E" failures="1" tests="3" name="FunctionalTest" time="21.759" errors="0" timestamp="2023-06-15T08:20:23 IST">
  <testcase classname="testClasses.FunctionalTest" name="searchBox" time="1.632"/>
  <testcase classname="testClasses.FunctionalTest" name="sortByPriceLToH" time="2.313">
    <failure type="java.lang.AssertionError" message="expected [true] but found [false]">
      <![CDATA[java.lang.AssertionError: expected [true] but found [false]
at testClasses.FunctionalTest.sortByPriceLToH(FunctionalTest.java:30)
at java.base/java.util.ArrayList.forEach(ArrayList.java:1541)
at java.base/java.util.concurrent.FutureTask.run(FutureTask.java:264)
at java.base/java.util.concurrent.ThreadPoolExecutor.runWorker(ThreadPoolExecutor.java:1128)
at java.base/java.util.concurrent.ThreadPoolExecutor$Worker.run(ThreadPoolExecutor.java:628)
at java.base/java.lang.Thread.run(Thread.java:834)
... Removed 21 stack frames]]>
    </failure>
  </testcase> <!-- sortByPriceLToH -->
  <testcase classname="testClasses.FunctionalTest" name="sortByPriceHToL" time="3.455"/>
</testsuite> <!-- FunctionalTest -->
